This file contains any messages produced by compilers while
running configure, to aid debugging if configure makes a mistake.

It was created by configure, which was
generated by GNU Autoconf 2.59.  Invocation command line was

  $ ./configure --prefix=/home/ebuu/mediaserver-trunk/staticdeps/

## --------- ##
## Platform. ##
## --------- ##

hostname = integ32.ives.fr
uname -m = i686
uname -r = 2.6.32-7-pve
uname -s = Linux
uname -v = #1 SMP Mon Feb 13 07:33:21 CET 2012

/usr/bin/uname -p = unknown
/bin/uname -X     = unknown

/bin/arch              = i686
/usr/bin/arch -k       = unknown
/usr/convex/getsysinfo = unknown
hostinfo               = unknown
/bin/machine           = unknown
/usr/bin/oslevel       = unknown
/bin/universe          = unknown

PATH: /usr/kerberos/bin
PATH: /usr/local/bin
PATH: /bin
PATH: /usr/bin


## ----------- ##
## Core tests. ##
## ----------- ##

configure:1726: checking for a BSD-compatible install
configure:1781: result: /usr/bin/install -c
configure:1792: checking whether build environment is sane
configure:1835: result: yes
configure:1900: checking for gawk
configure:1916: found /bin/gawk
configure:1926: result: gawk
configure:1936: checking whether make sets $(MAKE)
configure:1956: result: yes
configure:2131: checking build system type
configure:2149: result: i686-redhat-linux-gnu
configure:2157: checking host system type
configure:2171: result: i686-redhat-linux-gnu
configure:2226: checking for gcc
configure:2242: found /usr/bin/gcc
configure:2252: result: gcc
configure:2496: checking for C compiler version
configure:2499: gcc --version </dev/null >&5
gcc (GCC) 4.1.2 20080704 (Red Hat 4.1.2-52)
Copyright (C) 2006 Free Software Foundation, Inc.
This is free software; see the source for copying conditions.  There is NO
warranty; not even for MERCHANTABILITY or FITNESS FOR A PARTICULAR PURPOSE.

configure:2502: $? = 0
configure:2504: gcc -v </dev/null >&5
Using built-in specs.
Target: i386-redhat-linux
Configured with: ../configure --prefix=/usr --mandir=/usr/share/man --infodir=/usr/share/info --enable-shared --enable-threads=posix --enable-checking=release --with-system-zlib --enable-__cxa_atexit --disable-libunwind-exceptions --enable-libgcj-multifile --enable-languages=c,c++,objc,obj-c++,java,fortran,ada --enable-java-awt=gtk --disable-dssi --disable-plugin --with-java-home=/usr/lib/jvm/java-1.4.2-gcj-1.4.2.0/jre --with-cpu=generic --host=i386-redhat-linux
Thread model: posix
gcc version 4.1.2 20080704 (Red Hat 4.1.2-52)
configure:2507: $? = 0
configure:2509: gcc -V </dev/null >&5
gcc: '-V' option must have argument
configure:2512: $? = 1
configure:2535: checking for C compiler default output file name
configure:2538: gcc    conftest.c  >&5
configure:2541: $? = 0
configure:2587: result: a.out
configure:2592: checking whether the C compiler works
configure:2598: ./a.out
configure:2601: $? = 0
configure:2618: result: yes
configure:2625: checking whether we are cross compiling
configure:2627: result: no
configure:2630: checking for suffix of executables
configure:2632: gcc -o conftest    conftest.c  >&5
configure:2635: $? = 0
configure:2660: result: 
configure:2666: checking for suffix of object files
configure:2687: gcc -c   conftest.c >&5
configure:2690: $? = 0
configure:2712: result: o
configure:2716: checking whether we are using the GNU C compiler
configure:2740: gcc -c   conftest.c >&5
configure:2746: $? = 0
configure:2750: test -z 
			 || test ! -s conftest.err
configure:2753: $? = 0
configure:2756: test -s conftest.o
configure:2759: $? = 0
configure:2772: result: yes
configure:2778: checking whether gcc accepts -g
configure:2799: gcc -c -g  conftest.c >&5
configure:2805: $? = 0
configure:2809: test -z 
			 || test ! -s conftest.err
configure:2812: $? = 0
configure:2815: test -s conftest.o
configure:2818: $? = 0
configure:2829: result: yes
configure:2846: checking for gcc option to accept ANSI C
configure:2916: gcc  -c -g -O2  conftest.c >&5
configure:2922: $? = 0
configure:2926: test -z 
			 || test ! -s conftest.err
configure:2929: $? = 0
configure:2932: test -s conftest.o
configure:2935: $? = 0
configure:2953: result: none needed
configure:2971: gcc -c -g -O2  conftest.c >&5
conftest.c:2: error: expected '=', ',', ';', 'asm' or '__attribute__' before 'me'
configure:2977: $? = 1
configure: failed program was:
| #ifndef __cplusplus
|   choke me
| #endif
configure:3121: checking for style of include used by make
configure:3149: result: GNU
configure:3177: checking dependency style of gcc
configure:3267: result: gcc3
configure:3336: checking for g++
configure:3352: found /usr/bin/g++
configure:3362: result: g++
configure:3378: checking for C++ compiler version
configure:3381: g++ --version </dev/null >&5
g++ (GCC) 4.1.2 20080704 (Red Hat 4.1.2-52)
Copyright (C) 2006 Free Software Foundation, Inc.
This is free software; see the source for copying conditions.  There is NO
warranty; not even for MERCHANTABILITY or FITNESS FOR A PARTICULAR PURPOSE.

configure:3384: $? = 0
configure:3386: g++ -v </dev/null >&5
Using built-in specs.
Target: i386-redhat-linux
Configured with: ../configure --prefix=/usr --mandir=/usr/share/man --infodir=/usr/share/info --enable-shared --enable-threads=posix --enable-checking=release --with-system-zlib --enable-__cxa_atexit --disable-libunwind-exceptions --enable-libgcj-multifile --enable-languages=c,c++,objc,obj-c++,java,fortran,ada --enable-java-awt=gtk --disable-dssi --disable-plugin --with-java-home=/usr/lib/jvm/java-1.4.2-gcj-1.4.2.0/jre --with-cpu=generic --host=i386-redhat-linux
Thread model: posix
gcc version 4.1.2 20080704 (Red Hat 4.1.2-52)
configure:3389: $? = 0
configure:3391: g++ -V </dev/null >&5
g++: '-V' option must have argument
configure:3394: $? = 1
configure:3397: checking whether we are using the GNU C++ compiler
configure:3421: g++ -c   conftest.cc >&5
configure:3427: $? = 0
configure:3431: test -z 
			 || test ! -s conftest.err
configure:3434: $? = 0
configure:3437: test -s conftest.o
configure:3440: $? = 0
configure:3453: result: yes
configure:3459: checking whether g++ accepts -g
configure:3480: g++ -c -g  conftest.cc >&5
configure:3486: $? = 0
configure:3490: test -z 
			 || test ! -s conftest.err
configure:3493: $? = 0
configure:3496: test -s conftest.o
configure:3499: $? = 0
configure:3510: result: yes
configure:3552: g++ -c -g -O2  conftest.cc >&5
configure:3558: $? = 0
configure:3562: test -z 
			 || test ! -s conftest.err
configure:3565: $? = 0
configure:3568: test -s conftest.o
configure:3571: $? = 0
configure:3597: g++ -c -g -O2  conftest.cc >&5
conftest.cc: In function 'int main()':
conftest.cc:15: error: 'exit' was not declared in this scope
configure:3603: $? = 1
configure: failed program was:
| /* confdefs.h.  */
| 
| #define PACKAGE_NAME ""
| #define PACKAGE_TARNAME ""
| #define PACKAGE_VERSION ""
| #define PACKAGE_STRING ""
| #define PACKAGE_BUGREPORT ""
| #define PACKAGE "g722_1"
| #define VERSION "0.0.1"
| /* end confdefs.h.  */
| 
| int
| main ()
| {
| exit (42);
|   ;
|   return 0;
| }
configure:3552: g++ -c -g -O2  conftest.cc >&5
configure:3558: $? = 0
configure:3562: test -z 
			 || test ! -s conftest.err
configure:3565: $? = 0
configure:3568: test -s conftest.o
configure:3571: $? = 0
configure:3597: g++ -c -g -O2  conftest.cc >&5
configure:3603: $? = 0
configure:3607: test -z 
			 || test ! -s conftest.err
configure:3610: $? = 0
configure:3613: test -s conftest.o
configure:3616: $? = 0
configure:3641: checking dependency style of g++
configure:3731: result: gcc3
configure:3754: checking how to run the C preprocessor
configure:3789: gcc -E  conftest.c
configure:3795: $? = 0
configure:3827: gcc -E  conftest.c
conftest.c:14:28: error: ac_nonexistent.h: No such file or directory
configure:3833: $? = 1
configure: failed program was:
| /* confdefs.h.  */
| 
| #define PACKAGE_NAME ""
| #define PACKAGE_TARNAME ""
| #define PACKAGE_VERSION ""
| #define PACKAGE_STRING ""
| #define PACKAGE_BUGREPORT ""
| #define PACKAGE "g722_1"
| #define VERSION "0.0.1"
| #ifdef __cplusplus
| extern "C" void std::exit (int) throw (); using std::exit;
| #endif
| /* end confdefs.h.  */
| #include <ac_nonexistent.h>
configure:3872: result: gcc -E
configure:3896: gcc -E  conftest.c
configure:3902: $? = 0
configure:3934: gcc -E  conftest.c
conftest.c:14:28: error: ac_nonexistent.h: No such file or directory
configure:3940: $? = 1
configure: failed program was:
| /* confdefs.h.  */
| 
| #define PACKAGE_NAME ""
| #define PACKAGE_TARNAME ""
| #define PACKAGE_VERSION ""
| #define PACKAGE_STRING ""
| #define PACKAGE_BUGREPORT ""
| #define PACKAGE "g722_1"
| #define VERSION "0.0.1"
| #ifdef __cplusplus
| extern "C" void std::exit (int) throw (); using std::exit;
| #endif
| /* end confdefs.h.  */
| #include <ac_nonexistent.h>
configure:3984: checking for egrep
configure:3994: result: grep -E
configure:4000: checking whether gcc needs -traditional
configure:4042: result: no
configure:4121: checking for a sed that does not truncate output
configure:4177: result: /bin/sed
configure:4191: checking for ld used by gcc
configure:4258: result: /usr/bin/ld
configure:4267: checking if the linker (/usr/bin/ld) is GNU ld
configure:4282: result: yes
configure:4287: checking for /usr/bin/ld option to reload object files
configure:4294: result: -r
configure:4312: checking for BSD-compatible nm
configure:4361: result: /usr/bin/nm -B
configure:4365: checking whether ln -s works
configure:4369: result: yes
configure:4376: checking how to recognise dependent libraries
configure:4552: result: pass_all
configure:4783: checking for ANSI C header files
configure:4808: gcc -c -g -O2  conftest.c >&5
configure:4814: $? = 0
configure:4818: test -z 
			 || test ! -s conftest.err
configure:4821: $? = 0
configure:4824: test -s conftest.o
configure:4827: $? = 0
configure:4916: gcc -o conftest -g -O2   conftest.c  >&5
conftest.c: In function 'main':
conftest.c:31: warning: incompatible implicit declaration of built-in function 'exit'
configure:4919: $? = 0
configure:4921: ./conftest
configure:4924: $? = 0
configure:4939: result: yes
configure:4963: checking for sys/types.h
configure:4979: gcc -c -g -O2  conftest.c >&5
configure:4985: $? = 0
configure:4989: test -z 
			 || test ! -s conftest.err
configure:4992: $? = 0
configure:4995: test -s conftest.o
configure:4998: $? = 0
configure:5009: result: yes
configure:4963: checking for sys/stat.h
configure:4979: gcc -c -g -O2  conftest.c >&5
configure:4985: $? = 0
configure:4989: test -z 
			 || test ! -s conftest.err
configure:4992: $? = 0
configure:4995: test -s conftest.o
configure:4998: $? = 0
configure:5009: result: yes
configure:4963: checking for stdlib.h
configure:4979: gcc -c -g -O2  conftest.c >&5
configure:4985: $? = 0
configure:4989: test -z 
			 || test ! -s conftest.err
configure:4992: $? = 0
configure:4995: test -s conftest.o
configure:4998: $? = 0
configure:5009: result: yes
configure:4963: checking for string.h
configure:4979: gcc -c -g -O2  conftest.c >&5
configure:4985: $? = 0
configure:4989: test -z 
			 || test ! -s conftest.err
configure:4992: $? = 0
configure:4995: test -s conftest.o
configure:4998: $? = 0
configure:5009: result: yes
configure:4963: checking for memory.h
configure:4979: gcc -c -g -O2  conftest.c >&5
configure:4985: $? = 0
configure:4989: test -z 
			 || test ! -s conftest.err
configure:4992: $? = 0
configure:4995: test -s conftest.o
configure:4998: $? = 0
configure:5009: result: yes
configure:4963: checking for strings.h
configure:4979: gcc -c -g -O2  conftest.c >&5
configure:4985: $? = 0
configure:4989: test -z 
			 || test ! -s conftest.err
configure:4992: $? = 0
configure:4995: test -s conftest.o
configure:4998: $? = 0
configure:5009: result: yes
configure:4963: checking for inttypes.h
configure:4979: gcc -c -g -O2  conftest.c >&5
configure:4985: $? = 0
configure:4989: test -z 
			 || test ! -s conftest.err
configure:4992: $? = 0
configure:4995: test -s conftest.o
configure:4998: $? = 0
configure:5009: result: yes
configure:4963: checking for stdint.h
configure:4979: gcc -c -g -O2  conftest.c >&5
configure:4985: $? = 0
configure:4989: test -z 
			 || test ! -s conftest.err
configure:4992: $? = 0
configure:4995: test -s conftest.o
configure:4998: $? = 0
configure:5009: result: yes
configure:4963: checking for unistd.h
configure:4979: gcc -c -g -O2  conftest.c >&5
configure:4985: $? = 0
configure:4989: test -z 
			 || test ! -s conftest.err
configure:4992: $? = 0
configure:4995: test -s conftest.o
configure:4998: $? = 0
configure:5009: result: yes
configure:5035: checking dlfcn.h usability
configure:5047: gcc -c -g -O2  conftest.c >&5
configure:5053: $? = 0
configure:5057: test -z 
			 || test ! -s conftest.err
configure:5060: $? = 0
configure:5063: test -s conftest.o
configure:5066: $? = 0
configure:5076: result: yes
configure:5080: checking dlfcn.h presence
configure:5090: gcc -E  conftest.c
configure:5096: $? = 0
configure:5116: result: yes
configure:5151: checking for dlfcn.h
configure:5158: result: yes
configure:5181: checking how to run the C++ preprocessor
configure:5212: g++ -E  conftest.cc
configure:5218: $? = 0
configure:5250: g++ -E  conftest.cc
conftest.cc:25:28: error: ac_nonexistent.h: No such file or directory
configure:5256: $? = 1
configure: failed program was:
| /* confdefs.h.  */
| 
| #define PACKAGE_NAME ""
| #define PACKAGE_TARNAME ""
| #define PACKAGE_VERSION ""
| #define PACKAGE_STRING ""
| #define PACKAGE_BUGREPORT ""
| #define PACKAGE "g722_1"
| #define VERSION "0.0.1"
| #ifdef __cplusplus
| extern "C" void std::exit (int) throw (); using std::exit;
| #endif
| #define STDC_HEADERS 1
| #define HAVE_SYS_TYPES_H 1
| #define HAVE_SYS_STAT_H 1
| #define HAVE_STDLIB_H 1
| #define HAVE_STRING_H 1
| #define HAVE_MEMORY_H 1
| #define HAVE_STRINGS_H 1
| #define HAVE_INTTYPES_H 1
| #define HAVE_STDINT_H 1
| #define HAVE_UNISTD_H 1
| #define HAVE_DLFCN_H 1
| /* end confdefs.h.  */
| #include <ac_nonexistent.h>
configure:5295: result: g++ -E
configure:5319: g++ -E  conftest.cc
configure:5325: $? = 0
configure:5357: g++ -E  conftest.cc
conftest.cc:25:28: error: ac_nonexistent.h: No such file or directory
configure:5363: $? = 1
configure: failed program was:
| /* confdefs.h.  */
| 
| #define PACKAGE_NAME ""
| #define PACKAGE_TARNAME ""
| #define PACKAGE_VERSION ""
| #define PACKAGE_STRING ""
| #define PACKAGE_BUGREPORT ""
| #define PACKAGE "g722_1"
| #define VERSION "0.0.1"
| #ifdef __cplusplus
| extern "C" void std::exit (int) throw (); using std::exit;
| #endif
| #define STDC_HEADERS 1
| #define HAVE_SYS_TYPES_H 1
| #define HAVE_SYS_STAT_H 1
| #define HAVE_STDLIB_H 1
| #define HAVE_STRING_H 1
| #define HAVE_MEMORY_H 1
| #define HAVE_STRINGS_H 1
| #define HAVE_INTTYPES_H 1
| #define HAVE_STDINT_H 1
| #define HAVE_UNISTD_H 1
| #define HAVE_DLFCN_H 1
| /* end confdefs.h.  */
| #include <ac_nonexistent.h>
configure:5460: checking for g77
configure:5489: result: no
configure:5460: checking for f77
configure:5489: result: no
configure:5460: checking for xlf
configure:5489: result: no
configure:5460: checking for frt
configure:5489: result: no
configure:5460: checking for pgf77
configure:5489: result: no
configure:5460: checking for fort77
configure:5489: result: no
configure:5460: checking for fl32
configure:5489: result: no
configure:5460: checking for af77
configure:5489: result: no
configure:5460: checking for f90
configure:5489: result: no
configure:5460: checking for xlf90
configure:5489: result: no
configure:5460: checking for pgf90
configure:5489: result: no
configure:5460: checking for epcf90
configure:5489: result: no
configure:5460: checking for f95
configure:5489: result: no
configure:5460: checking for fort
configure:5489: result: no
configure:5460: checking for xlf95
configure:5489: result: no
configure:5460: checking for ifc
configure:5489: result: no
configure:5460: checking for efc
configure:5489: result: no
configure:5460: checking for pgf95
configure:5489: result: no
configure:5460: checking for lf95
configure:5489: result: no
configure:5460: checking for gfortran
configure:5489: result: no
configure:5501: checking for Fortran 77 compiler version
configure:5504:  --version </dev/null >&5
./configure: line 5505: --version: command not found
configure:5507: $? = 127
configure:5509:  -v </dev/null >&5
./configure: line 5510: -v: command not found
configure:5512: $? = 127
configure:5514:  -V </dev/null >&5
./configure: line 5515: -V: command not found
configure:5517: $? = 127
configure:5525: checking whether we are using the GNU Fortran 77 compiler
configure:5539:  -c  conftest.F >&5
./configure: line 5540: -c: command not found
configure:5545: $? = 127
configure: failed program was:
|       program main
| #ifndef __GNUC__
|        choke me
| #endif
| 
|       end
configure:5571: result: no
configure:5577: checking whether  accepts -g
configure:5589:  -c -g conftest.f >&5
./configure: line 5590: -c: command not found
configure:5595: $? = 127
configure: failed program was:
|       program main
| 
|       end
configure:5620: result: no
configure:5650: checking the maximum length of command line arguments
configure:5759: result: 32768
configure:5770: checking command to parse /usr/bin/nm -B output from gcc object
configure:5875: gcc -c -g -O2  conftest.c >&5
configure:5878: $? = 0
configure:5882: /usr/bin/nm -B conftest.o \| sed -n -e 's/^.*[ 	]\([ABCDGIRSTW][ABCDGIRSTW]*\)[ 	][ 	]*\([_A-Za-z][_A-Za-z0-9]*\)$/\1 \2 \2/p' \> conftest.nm
configure:5885: $? = 0
configure:5937: gcc -o conftest -g -O2   conftest.c conftstm.o >&5
configure:5940: $? = 0
configure:5978: result: ok
configure:5982: checking for objdir
configure:5997: result: .libs
configure:6087: checking for ar
configure:6103: found /usr/bin/ar
configure:6114: result: ar
configure:6167: checking for ranlib
configure:6183: found /usr/bin/ranlib
configure:6194: result: ranlib
configure:6247: checking for strip
configure:6263: found /usr/bin/strip
configure:6274: result: strip
configure:6546: checking if gcc supports -fno-rtti -fno-exceptions
configure:6564: gcc -c -g -O2  -fno-rtti -fno-exceptions conftest.c >&5
cc1: warning: command line option "-fno-rtti" is valid for C++/ObjC++ but not for C
configure:6568: $? = 0
configure:6581: result: no
configure:6596: checking for gcc option to produce PIC
configure:6806: result: -fPIC
configure:6814: checking if gcc PIC flag -fPIC works
configure:6832: gcc -c -g -O2  -fPIC -DPIC conftest.c >&5
configure:6836: $? = 0
configure:6849: result: yes
configure:6877: checking if gcc static flag -static works
configure:6905: result: yes
configure:6915: checking if gcc supports -c -o file.o
configure:6936: gcc -c -g -O2  -o out/conftest2.o conftest.c >&5
configure:6940: $? = 0
configure:6962: result: yes
configure:6988: checking whether the gcc linker (/usr/bin/ld) supports shared libraries
configure:7946: result: yes
configure:7967: checking whether -lc should be explicitly linked in
configure:7972: gcc -c -g -O2  conftest.c >&5
configure:7975: $? = 0
configure:7990: gcc -shared conftest.o  -v -Wl,-soname -Wl,conftest -o conftest 2\>\&1 \| grep  -lc  \>/dev/null 2\>\&1
configure:7993: $? = 0
configure:8005: result: no
configure:8013: checking dynamic linker characteristics
configure:8622: result: GNU/Linux ld.so
configure:8631: checking how to hardcode library paths into programs
configure:8656: result: immediate
configure:8670: checking whether stripping libraries is possible
configure:8675: result: yes
configure:9509: checking if libtool supports shared libraries
configure:9511: result: yes
configure:9514: checking whether to build shared libraries
configure:9535: result: yes
configure:9538: checking whether to build static libraries
configure:9542: result: yes
configure:9634: creating libtool
configure:10225: checking for ld used by g++
configure:10292: result: /usr/bin/ld
configure:10301: checking if the linker (/usr/bin/ld) is GNU ld
configure:10316: result: yes
configure:10367: checking whether the g++ linker (/usr/bin/ld) supports shared libraries
configure:11305: result: yes
configure:11323: g++ -c -g -O2  conftest.cpp >&5
configure:11326: $? = 0
configure:11445: checking for g++ option to produce PIC
configure:11719: result: -fPIC
configure:11727: checking if g++ PIC flag -fPIC works
configure:11745: g++ -c -g -O2  -fPIC -DPIC conftest.cpp >&5
configure:11749: $? = 0
configure:11762: result: yes
configure:11790: checking if g++ static flag -static works
configure:11818: result: yes
configure:11828: checking if g++ supports -c -o file.o
configure:11849: g++ -c -g -O2  -o out/conftest2.o conftest.cpp >&5
configure:11853: $? = 0
configure:11875: result: yes
configure:11901: checking whether the g++ linker (/usr/bin/ld) supports shared libraries
configure:11926: result: yes
configure:11993: checking dynamic linker characteristics
configure:12602: result: GNU/Linux ld.so
configure:12611: checking how to hardcode library paths into programs
configure:12636: result: immediate
configure:18848: checking for C compiler vendor
configure:18877: gcc -c -g -O2  conftest.c >&5
conftest.c: In function 'main':
conftest.c:31: error: 'thisisanerror' undeclared (first use in this function)
conftest.c:31: error: (Each undeclared identifier is reported only once
conftest.c:31: error: for each function it appears in.)
configure:18883: $? = 1
configure: failed program was:
| /* confdefs.h.  */
| 
| #define PACKAGE_NAME ""
| #define PACKAGE_TARNAME ""
| #define PACKAGE_VERSION ""
| #define PACKAGE_STRING ""
| #define PACKAGE_BUGREPORT ""
| #define PACKAGE "g722_1"
| #define VERSION "0.0.1"
| #ifdef __cplusplus
| extern "C" void std::exit (int) throw (); using std::exit;
| #endif
| #define STDC_HEADERS 1
| #define HAVE_SYS_TYPES_H 1
| #define HAVE_SYS_STAT_H 1
| #define HAVE_STDLIB_H 1
| #define HAVE_STRING_H 1
| #define HAVE_MEMORY_H 1
| #define HAVE_STRINGS_H 1
| #define HAVE_INTTYPES_H 1
| #define HAVE_STDINT_H 1
| #define HAVE_UNISTD_H 1
| #define HAVE_DLFCN_H 1
| /* end confdefs.h.  */
| 
| int
| main ()
| {
| 
| #if !(defined(__ICC) || defined(__ECC) || defined(__INTEL_COMPILER))
|       thisisanerror;
| #endif
| 
|   ;
|   return 0;
| }
configure:18877: gcc -c -g -O2  conftest.c >&5
conftest.c: In function 'main':
conftest.c:31: error: 'thisisanerror' undeclared (first use in this function)
conftest.c:31: error: (Each undeclared identifier is reported only once
conftest.c:31: error: for each function it appears in.)
configure:18883: $? = 1
configure: failed program was:
| /* confdefs.h.  */
| 
| #define PACKAGE_NAME ""
| #define PACKAGE_TARNAME ""
| #define PACKAGE_VERSION ""
| #define PACKAGE_STRING ""
| #define PACKAGE_BUGREPORT ""
| #define PACKAGE "g722_1"
| #define VERSION "0.0.1"
| #ifdef __cplusplus
| extern "C" void std::exit (int) throw (); using std::exit;
| #endif
| #define STDC_HEADERS 1
| #define HAVE_SYS_TYPES_H 1
| #define HAVE_SYS_STAT_H 1
| #define HAVE_STDLIB_H 1
| #define HAVE_STRING_H 1
| #define HAVE_MEMORY_H 1
| #define HAVE_STRINGS_H 1
| #define HAVE_INTTYPES_H 1
| #define HAVE_STDINT_H 1
| #define HAVE_UNISTD_H 1
| #define HAVE_DLFCN_H 1
| /* end confdefs.h.  */
| 
| int
| main ()
| {
| 
| #if !(defined(__xlc__) || defined(__xlC__) || defined(__IBMC__) || defined(__IBMCPP__))
|       thisisanerror;
| #endif
| 
|   ;
|   return 0;
| }
configure:18877: gcc -c -g -O2  conftest.c >&5
conftest.c: In function 'main':
conftest.c:31: error: 'thisisanerror' undeclared (first use in this function)
conftest.c:31: error: (Each undeclared identifier is reported only once
conftest.c:31: error: for each function it appears in.)
configure:18883: $? = 1
configure: failed program was:
| /* confdefs.h.  */
| 
| #define PACKAGE_NAME ""
| #define PACKAGE_TARNAME ""
| #define PACKAGE_VERSION ""
| #define PACKAGE_STRING ""
| #define PACKAGE_BUGREPORT ""
| #define PACKAGE "g722_1"
| #define VERSION "0.0.1"
| #ifdef __cplusplus
| extern "C" void std::exit (int) throw (); using std::exit;
| #endif
| #define STDC_HEADERS 1
| #define HAVE_SYS_TYPES_H 1
| #define HAVE_SYS_STAT_H 1
| #define HAVE_STDLIB_H 1
| #define HAVE_STRING_H 1
| #define HAVE_MEMORY_H 1
| #define HAVE_STRINGS_H 1
| #define HAVE_INTTYPES_H 1
| #define HAVE_STDINT_H 1
| #define HAVE_UNISTD_H 1
| #define HAVE_DLFCN_H 1
| /* end confdefs.h.  */
| 
| int
| main ()
| {
| 
| #if !(defined(__PATHCC__) || defined(__PATHSCALE__))
|       thisisanerror;
| #endif
| 
|   ;
|   return 0;
| }
configure:18877: gcc -c -g -O2  conftest.c >&5
configure:18883: $? = 0
configure:18887: test -z 
			 || test ! -s conftest.err
configure:18890: $? = 0
configure:18893: test -s conftest.o
configure:18896: $? = 0
configure:18908: result: gnu
configure:18979: checking for gcc
configure:19005: result: gcc
configure:19249: checking for C compiler version
configure:19252: gcc --version </dev/null >&5
gcc (GCC) 4.1.2 20080704 (Red Hat 4.1.2-52)
Copyright (C) 2006 Free Software Foundation, Inc.
This is free software; see the source for copying conditions.  There is NO
warranty; not even for MERCHANTABILITY or FITNESS FOR A PARTICULAR PURPOSE.

configure:19255: $? = 0
configure:19257: gcc -v </dev/null >&5
Using built-in specs.
Target: i386-redhat-linux
Configured with: ../configure --prefix=/usr --mandir=/usr/share/man --infodir=/usr/share/info --enable-shared --enable-threads=posix --enable-checking=release --with-system-zlib --enable-__cxa_atexit --disable-libunwind-exceptions --enable-libgcj-multifile --enable-languages=c,c++,objc,obj-c++,java,fortran,ada --enable-java-awt=gtk --disable-dssi --disable-plugin --with-java-home=/usr/lib/jvm/java-1.4.2-gcj-1.4.2.0/jre --with-cpu=generic --host=i386-redhat-linux
Thread model: posix
gcc version 4.1.2 20080704 (Red Hat 4.1.2-52)
configure:19260: $? = 0
configure:19262: gcc -V </dev/null >&5
gcc: '-V' option must have argument
configure:19265: $? = 1
configure:19268: checking whether we are using the GNU C compiler
configure:19324: result: yes
configure:19330: checking whether gcc accepts -g
configure:19381: result: yes
configure:19398: checking for gcc option to accept ANSI C
configure:19505: result: none needed
configure:19523: gcc -c -g -O2  conftest.c >&5
conftest.c:2: error: expected '=', ',', ';', 'asm' or '__attribute__' before 'me'
configure:19529: $? = 1
configure: failed program was:
| #ifndef __cplusplus
|   choke me
| #endif
configure:19664: checking dependency style of gcc
configure:19754: result: gcc3
configure:19800: checking for an ANSI C-conforming const
configure:19867: gcc -c -g -O2  conftest.c >&5
configure:19873: $? = 0
configure:19877: test -z 
			 || test ! -s conftest.err
configure:19880: $? = 0
configure:19883: test -s conftest.o
configure:19886: $? = 0
configure:19897: result: yes
configure:19907: checking for inline
configure:19928: gcc -c -g -O2  conftest.c >&5
configure:19934: $? = 0
configure:19938: test -z 
			 || test ! -s conftest.err
configure:19941: $? = 0
configure:19944: test -s conftest.o
configure:19947: $? = 0
configure:19959: result: inline
configure:19978: checking for working volatile
configure:20001: gcc -c -g -O2  conftest.c >&5
configure:20007: $? = 0
configure:20011: test -z 
			 || test ! -s conftest.err
configure:20014: $? = 0
configure:20017: test -s conftest.o
configure:20020: $? = 0
configure:20031: result: yes
configure:20042: checking for long long
configure:20066: gcc -c -g -O2  conftest.c >&5
configure:20072: $? = 0
configure:20076: test -z 
			 || test ! -s conftest.err
configure:20079: $? = 0
configure:20082: test -s conftest.o
configure:20085: $? = 0
configure:20096: result: yes
configure:20107: checking for long double
configure:20131: gcc -c -g -O2  conftest.c >&5
configure:20137: $? = 0
configure:20141: test -z 
			 || test ! -s conftest.err
configure:20144: $? = 0
configure:20147: test -s conftest.o
configure:20150: $? = 0
configure:20161: result: yes
configure:20173: checking return type of signal handlers
configure:20204: gcc -c -g -O2  conftest.c >&5
configure:20210: $? = 0
configure:20214: test -z 
			 || test ! -s conftest.err
configure:20217: $? = 0
configure:20220: test -s conftest.o
configure:20223: $? = 0
configure:20234: result: void
configure:20304: checking for error_at_line
configure:20325: gcc -o conftest -g -O2   conftest.c  >&5
configure:20331: $? = 0
configure:20335: test -z 
			 || test ! -s conftest.err
configure:20338: $? = 0
configure:20341: test -s conftest
configure:20344: $? = 0
configure:20356: result: yes
configure:20373: checking for vprintf
configure:20430: gcc -o conftest -g -O2   conftest.c  >&5
conftest.c:52: warning: conflicting types for built-in function 'vprintf'
configure:20436: $? = 0
configure:20440: test -z 
			 || test ! -s conftest.err
configure:20443: $? = 0
configure:20446: test -s conftest
configure:20449: $? = 0
configure:20461: result: yes
configure:20468: checking for _doprnt
configure:20525: gcc -o conftest -g -O2   conftest.c  >&5
/tmp/ccuGY8Um.o: In function `main':
/home/ebuu/libg722_1/conftest.c:68: undefined reference to `_doprnt'
/tmp/ccuGY8Um.o:(.data+0x0): undefined reference to `_doprnt'
collect2: ld returned 1 exit status
configure:20531: $? = 1
configure: failed program was:
| /* confdefs.h.  */
| 
| #define PACKAGE_NAME ""
| #define PACKAGE_TARNAME ""
| #define PACKAGE_VERSION ""
| #define PACKAGE_STRING ""
| #define PACKAGE_BUGREPORT ""
| #define PACKAGE "g722_1"
| #define VERSION "0.0.1"
| #ifdef __cplusplus
| extern "C" void std::exit (int) throw (); using std::exit;
| #endif
| #define STDC_HEADERS 1
| #define HAVE_SYS_TYPES_H 1
| #define HAVE_SYS_STAT_H 1
| #define HAVE_STDLIB_H 1
| #define HAVE_STRING_H 1
| #define HAVE_MEMORY_H 1
| #define HAVE_STRINGS_H 1
| #define HAVE_INTTYPES_H 1
| #define HAVE_STDINT_H 1
| #define HAVE_UNISTD_H 1
| #define HAVE_DLFCN_H 1
| #define HAVE_LONG_LONG 1
| #define HAVE_LONG_DOUBLE 1
| #define RETSIGTYPE void
| #define HAVE_VPRINTF 1
| /* end confdefs.h.  */
| /* Define _doprnt to an innocuous variant, in case <limits.h> declares _doprnt.
|    For example, HP-UX 11i <limits.h> declares gettimeofday.  */
| #define _doprnt innocuous__doprnt
| 
| /* System header to define __stub macros and hopefully few prototypes,
|     which can conflict with char _doprnt (); below.
|     Prefer <limits.h> to <assert.h> if __STDC__ is defined, since
|     <limits.h> exists even on freestanding compilers.  */
| 
| #ifdef __STDC__
| # include <limits.h>
| #else
| # include <assert.h>
| #endif
| 
| #undef _doprnt
| 
| /* Override any gcc2 internal prototype to avoid an error.  */
| #ifdef __cplusplus
| extern "C"
| {
| #endif
| /* We use char because int might match the return type of a gcc2
|    builtin and then its argument prototype would still apply.  */
| char _doprnt ();
| /* The GNU C library defines this for functions which it implements
|     to always fail with ENOSYS.  Some functions are actually named
|     something starting with __ and the normal name is an alias.  */
| #if defined (__stub__doprnt) || defined (__stub____doprnt)
| choke me
| #else
| char (*f) () = _doprnt;
| #endif
| #ifdef __cplusplus
| }
| #endif
| 
| int
| main ()
| {
| return f != _doprnt;
|   ;
|   return 0;
| }
configure:20556: result: no
configure:20575: checking for stdlib.h
configure:20580: result: yes
configure:20720: checking for GNU libc compatible malloc
configure:20749: gcc -o conftest -g -O2   conftest.c  >&5
configure:20752: $? = 0
configure:20754: ./conftest
configure:20757: $? = 0
configure:20771: result: yes
configure:20801: checking for working memcmp
configure:20849: gcc -o conftest -g -O2   conftest.c  >&5
configure:20852: $? = 0
configure:20854: ./conftest
configure:20857: $? = 0
configure:20871: result: yes
configure:20887: checking for stdlib.h
configure:20892: result: yes
configure:21032: checking for GNU libc compatible realloc
configure:21061: gcc -o conftest -g -O2   conftest.c  >&5
configure:21064: $? = 0
configure:21066: ./conftest
configure:21069: $? = 0
configure:21083: result: yes
configure:21128: checking sys/select.h usability
configure:21140: gcc -c -g -O2  conftest.c >&5
configure:21146: $? = 0
configure:21150: test -z 
			 || test ! -s conftest.err
configure:21153: $? = 0
configure:21156: test -s conftest.o
configure:21159: $? = 0
configure:21169: result: yes
configure:21173: checking sys/select.h presence
configure:21183: gcc -E  conftest.c
configure:21189: $? = 0
configure:21209: result: yes
configure:21244: checking for sys/select.h
configure:21251: result: yes
configure:21128: checking sys/socket.h usability
configure:21140: gcc -c -g -O2  conftest.c >&5
configure:21146: $? = 0
configure:21150: test -z 
			 || test ! -s conftest.err
configure:21153: $? = 0
configure:21156: test -s conftest.o
configure:21159: $? = 0
configure:21169: result: yes
configure:21173: checking sys/socket.h presence
configure:21183: gcc -E  conftest.c
configure:21189: $? = 0
configure:21209: result: yes
configure:21244: checking for sys/socket.h
configure:21251: result: yes
configure:21264: checking types of arguments for select
configure:21297: gcc -c -g -O2  conftest.c >&5
configure:21303: $? = 0
configure:21307: test -z 
			 || test ! -s conftest.err
configure:21310: $? = 0
configure:21313: test -s conftest.o
configure:21316: $? = 0
configure:21332: result: int,fd_set *,struct timeval *
configure:21356: checking for lrint
configure:21387: gcc -o conftest -lm   conftest.c  >&5
configure:21393: $? = 0
configure:21397: test -z 
			 || test ! -s conftest.err
configure:21400: $? = 0
configure:21403: test -s conftest
configure:21406: $? = 0
configure:21422: result: yes
configure:21433: checking for lrintf
configure:21464: gcc -o conftest -lm   conftest.c  >&5
configure:21470: $? = 0
configure:21474: test -z 
			 || test ! -s conftest.err
configure:21477: $? = 0
configure:21480: test -s conftest
configure:21483: $? = 0
configure:21499: result: yes
configure:21510: checking for llrint
configure:21541: gcc -o conftest -lm   conftest.c  >&5
configure:21547: $? = 0
configure:21551: test -z 
			 || test ! -s conftest.err
configure:21554: $? = 0
configure:21557: test -s conftest
configure:21560: $? = 0
configure:21576: result: yes
configure:21587: checking for llrintf
configure:21618: gcc -o conftest -lm   conftest.c  >&5
configure:21624: $? = 0
configure:21628: test -z 
			 || test ! -s conftest.err
configure:21631: $? = 0
configure:21634: test -s conftest
configure:21637: $? = 0
configure:21653: result: yes
configure:21674: checking C99 struct flexible array support
configure:21705: gcc -o conftest -g -O2   conftest.c  >&5
configure:21711: $? = 0
configure:21715: test -z 
			 || test ! -s conftest.err
configure:21718: $? = 0
configure:21721: test -s conftest
configure:21724: $? = 0
configure:21737: result: yes
configure:21745: checking for memmove
configure:21802: gcc -o conftest -g -O2   conftest.c  >&5
conftest.c:66: warning: conflicting types for built-in function 'memmove'
configure:21808: $? = 0
configure:21812: test -z 
			 || test ! -s conftest.err
configure:21815: $? = 0
configure:21818: test -s conftest
configure:21821: $? = 0
configure:21833: result: yes
configure:21847: checking for memset
configure:21904: gcc -o conftest -g -O2   conftest.c  >&5
conftest.c:67: warning: conflicting types for built-in function 'memset'
configure:21910: $? = 0
configure:21914: test -z 
			 || test ! -s conftest.err
configure:21917: $? = 0
configure:21920: test -s conftest
configure:21923: $? = 0
configure:21935: result: yes
configure:21949: checking for select
configure:22006: gcc -o conftest -g -O2   conftest.c  >&5
configure:22012: $? = 0
configure:22016: test -z 
			 || test ! -s conftest.err
configure:22019: $? = 0
configure:22022: test -s conftest
configure:22025: $? = 0
configure:22037: result: yes
configure:22051: checking for strcasecmp
configure:22108: gcc -o conftest -g -O2   conftest.c  >&5
conftest.c:69: warning: conflicting types for built-in function 'strcasecmp'
configure:22114: $? = 0
configure:22118: test -z 
			 || test ! -s conftest.err
configure:22121: $? = 0
configure:22124: test -s conftest
configure:22127: $? = 0
configure:22139: result: yes
configure:22153: checking for strchr
configure:22210: gcc -o conftest -g -O2   conftest.c  >&5
conftest.c:70: warning: conflicting types for built-in function 'strchr'
configure:22216: $? = 0
configure:22220: test -z 
			 || test ! -s conftest.err
configure:22223: $? = 0
configure:22226: test -s conftest
configure:22229: $? = 0
configure:22241: result: yes
configure:22255: checking for strdup
configure:22312: gcc -o conftest -g -O2   conftest.c  >&5
conftest.c:71: warning: conflicting types for built-in function 'strdup'
configure:22318: $? = 0
configure:22322: test -z 
			 || test ! -s conftest.err
configure:22325: $? = 0
configure:22328: test -s conftest
configure:22331: $? = 0
configure:22343: result: yes
configure:22357: checking for strerror
configure:22414: gcc -o conftest -g -O2   conftest.c  >&5
configure:22420: $? = 0
configure:22424: test -z 
			 || test ! -s conftest.err
configure:22427: $? = 0
configure:22430: test -s conftest
configure:22433: $? = 0
configure:22445: result: yes
configure:22459: checking for strstr
configure:22516: gcc -o conftest -g -O2   conftest.c  >&5
conftest.c:73: warning: conflicting types for built-in function 'strstr'
configure:22522: $? = 0
configure:22526: test -z 
			 || test ! -s conftest.err
configure:22529: $? = 0
configure:22532: test -s conftest
configure:22535: $? = 0
configure:22547: result: yes
configure:22561: checking for strtol
configure:22618: gcc -o conftest -g -O2   conftest.c  >&5
configure:22624: $? = 0
configure:22628: test -z 
			 || test ! -s conftest.err
configure:22631: $? = 0
configure:22634: test -s conftest
configure:22637: $? = 0
configure:22649: result: yes
configure:22663: checking for gettimeofday
configure:22720: gcc -o conftest -g -O2   conftest.c  >&5
configure:22726: $? = 0
configure:22730: test -z 
			 || test ! -s conftest.err
configure:22733: $? = 0
configure:22736: test -s conftest
configure:22739: $? = 0
configure:22751: result: yes
configure:22762: checking for ANSI C header files
configure:22918: result: yes
configure:22928: checking for sys/wait.h that is POSIX.1 compatible
configure:22959: gcc -c -g -O2  conftest.c >&5
configure:22965: $? = 0
configure:22969: test -z 
			 || test ! -s conftest.err
configure:22972: $? = 0
configure:22975: test -s conftest.o
configure:22978: $? = 0
configure:22989: result: yes
configure:22999: checking whether time.h and sys/time.h may both be included
configure:23024: gcc -c -g -O2  conftest.c >&5
configure:23030: $? = 0
configure:23034: test -z 
			 || test ! -s conftest.err
configure:23037: $? = 0
configure:23040: test -s conftest.o
configure:23043: $? = 0
configure:23054: result: yes
configure:23080: checking socket.h usability
configure:23092: gcc -c -g -O2  conftest.c >&5
conftest.c:89:20: error: socket.h: No such file or directory
configure:23098: $? = 1
configure: failed program was:
| /* confdefs.h.  */
| 
| #define PACKAGE_NAME ""
| #define PACKAGE_TARNAME ""
| #define PACKAGE_VERSION ""
| #define PACKAGE_STRING ""
| #define PACKAGE_BUGREPORT ""
| #define PACKAGE "g722_1"
| #define VERSION "0.0.1"
| #ifdef __cplusplus
| extern "C" void std::exit (int) throw (); using std::exit;
| #endif
| #define STDC_HEADERS 1
| #define HAVE_SYS_TYPES_H 1
| #define HAVE_SYS_STAT_H 1
| #define HAVE_STDLIB_H 1
| #define HAVE_STRING_H 1
| #define HAVE_MEMORY_H 1
| #define HAVE_STRINGS_H 1
| #define HAVE_INTTYPES_H 1
| #define HAVE_STDINT_H 1
| #define HAVE_UNISTD_H 1
| #define HAVE_DLFCN_H 1
| #define HAVE_LONG_LONG 1
| #define HAVE_LONG_DOUBLE 1
| #define RETSIGTYPE void
| #define HAVE_VPRINTF 1
| #define HAVE_STDLIB_H 1
| #define HAVE_MALLOC 1
| #define HAVE_STDLIB_H 1
| #define HAVE_REALLOC 1
| #define HAVE_SYS_SELECT_H 1
| #define HAVE_SYS_SOCKET_H 1
| #define SELECT_TYPE_ARG1 int
| #define SELECT_TYPE_ARG234 (fd_set *)
| #define SELECT_TYPE_ARG5 (struct timeval *)
| #define HAVE_LRINT 1
| #define HAVE_LRINTF 1
| #define HAVE_LLRINT 1
| #define HAVE_LLRINTF 1
| #define HAVE_MEMMOVE 1
| #define HAVE_MEMSET 1
| #define HAVE_SELECT 1
| #define HAVE_STRCASECMP 1
| #define HAVE_STRCHR 1
| #define HAVE_STRDUP 1
| #define HAVE_STRERROR 1
| #define HAVE_STRSTR 1
| #define HAVE_STRTOL 1
| #define HAVE_GETTIMEOFDAY 1
| #define STDC_HEADERS 1
| #define HAVE_SYS_WAIT_H 1
| #define TIME_WITH_SYS_TIME 1
| /* end confdefs.h.  */
| #include <stdio.h>
| #if HAVE_SYS_TYPES_H
| # include <sys/types.h>
| #endif
| #if HAVE_SYS_STAT_H
| # include <sys/stat.h>
| #endif
| #if STDC_HEADERS
| # include <stdlib.h>
| # include <stddef.h>
| #else
| # if HAVE_STDLIB_H
| #  include <stdlib.h>
| # endif
| #endif
| #if HAVE_STRING_H
| # if !STDC_HEADERS && HAVE_MEMORY_H
| #  include <memory.h>
| # endif
| # include <string.h>
| #endif
| #if HAVE_STRINGS_H
| # include <strings.h>
| #endif
| #if HAVE_INTTYPES_H
| # include <inttypes.h>
| #else
| # if HAVE_STDINT_H
| #  include <stdint.h>
| # endif
| #endif
| #if HAVE_UNISTD_H
| # include <unistd.h>
| #endif
| #include <socket.h>
configure:23121: result: no
configure:23125: checking socket.h presence
configure:23135: gcc -E  conftest.c
conftest.c:55:20: error: socket.h: No such file or directory
configure:23141: $? = 1
configure: failed program was:
| /* confdefs.h.  */
| 
| #define PACKAGE_NAME ""
| #define PACKAGE_TARNAME ""
| #define PACKAGE_VERSION ""
| #define PACKAGE_STRING ""
| #define PACKAGE_BUGREPORT ""
| #define PACKAGE "g722_1"
| #define VERSION "0.0.1"
| #ifdef __cplusplus
| extern "C" void std::exit (int) throw (); using std::exit;
| #endif
| #define STDC_HEADERS 1
| #define HAVE_SYS_TYPES_H 1
| #define HAVE_SYS_STAT_H 1
| #define HAVE_STDLIB_H 1
| #define HAVE_STRING_H 1
| #define HAVE_MEMORY_H 1
| #define HAVE_STRINGS_H 1
| #define HAVE_INTTYPES_H 1
| #define HAVE_STDINT_H 1
| #define HAVE_UNISTD_H 1
| #define HAVE_DLFCN_H 1
| #define HAVE_LONG_LONG 1
| #define HAVE_LONG_DOUBLE 1
| #define RETSIGTYPE void
| #define HAVE_VPRINTF 1
| #define HAVE_STDLIB_H 1
| #define HAVE_MALLOC 1
| #define HAVE_STDLIB_H 1
| #define HAVE_REALLOC 1
| #define HAVE_SYS_SELECT_H 1
| #define HAVE_SYS_SOCKET_H 1
| #define SELECT_TYPE_ARG1 int
| #define SELECT_TYPE_ARG234 (fd_set *)
| #define SELECT_TYPE_ARG5 (struct timeval *)
| #define HAVE_LRINT 1
| #define HAVE_LRINTF 1
| #define HAVE_LLRINT 1
| #define HAVE_LLRINTF 1
| #define HAVE_MEMMOVE 1
| #define HAVE_MEMSET 1
| #define HAVE_SELECT 1
| #define HAVE_STRCASECMP 1
| #define HAVE_STRCHR 1
| #define HAVE_STRDUP 1
| #define HAVE_STRERROR 1
| #define HAVE_STRSTR 1
| #define HAVE_STRTOL 1
| #define HAVE_GETTIMEOFDAY 1
| #define STDC_HEADERS 1
| #define HAVE_SYS_WAIT_H 1
| #define TIME_WITH_SYS_TIME 1
| /* end confdefs.h.  */
| #include <socket.h>
configure:23161: result: no
configure:23196: checking for socket.h
configure:23203: result: no
configure:23221: checking for inttypes.h
configure:23226: result: yes
configure:23371: checking for stdint.h
configure:23376: result: yes
configure:23521: checking for unistd.h
configure:23526: result: yes
configure:23671: checking for stdlib.h
configure:23676: result: yes
configure:23821: checking for string.h
configure:23826: result: yes
configure:23971: checking for strings.h
configure:23976: result: yes
configure:24130: checking malloc.h usability
configure:24142: gcc -c -g -O2  conftest.c >&5
configure:24148: $? = 0
configure:24152: test -z 
			 || test ! -s conftest.err
configure:24155: $? = 0
configure:24158: test -s conftest.o
configure:24161: $? = 0
configure:24171: result: yes
configure:24175: checking malloc.h presence
configure:24185: gcc -E  conftest.c
configure:24191: $? = 0
configure:24211: result: yes
configure:24246: checking for malloc.h
configure:24253: result: yes
configure:24280: checking tgmath.h usability
configure:24292: gcc -c -g -O2  conftest.c >&5
configure:24298: $? = 0
configure:24302: test -z 
			 || test ! -s conftest.err
configure:24305: $? = 0
configure:24308: test -s conftest.o
configure:24311: $? = 0
configure:24321: result: yes
configure:24325: checking tgmath.h presence
configure:24335: gcc -E  conftest.c
configure:24341: $? = 0
configure:24361: result: yes
configure:24396: checking for tgmath.h
configure:24403: result: yes
configure:24430: checking math.h usability
configure:24442: gcc -c -g -O2  conftest.c >&5
configure:24448: $? = 0
configure:24452: test -z 
			 || test ! -s conftest.err
configure:24455: $? = 0
configure:24458: test -s conftest.o
configure:24461: $? = 0
configure:24471: result: yes
configure:24475: checking math.h presence
configure:24485: gcc -E  conftest.c
configure:24491: $? = 0
configure:24511: result: yes
configure:24546: checking for math.h
configure:24553: result: yes
configure:24580: checking float.h usability
configure:24592: gcc -c -g -O2  conftest.c >&5
configure:24598: $? = 0
configure:24602: test -z 
			 || test ! -s conftest.err
configure:24605: $? = 0
configure:24608: test -s conftest.o
configure:24611: $? = 0
configure:24621: result: yes
configure:24625: checking float.h presence
configure:24635: gcc -E  conftest.c
configure:24641: $? = 0
configure:24661: result: yes
configure:24696: checking for float.h
configure:24703: result: yes
configure:24730: checking fcntl.h usability
configure:24742: gcc -c -g -O2  conftest.c >&5
configure:24748: $? = 0
configure:24752: test -z 
			 || test ! -s conftest.err
configure:24755: $? = 0
configure:24758: test -s conftest.o
configure:24761: $? = 0
configure:24771: result: yes
configure:24775: checking fcntl.h presence
configure:24785: gcc -E  conftest.c
configure:24791: $? = 0
configure:24811: result: yes
configure:24846: checking for fcntl.h
configure:24853: result: yes
configure:24880: checking sys/time.h usability
configure:24892: gcc -c -g -O2  conftest.c >&5
configure:24898: $? = 0
configure:24902: test -z 
			 || test ! -s conftest.err
configure:24905: $? = 0
configure:24908: test -s conftest.o
configure:24911: $? = 0
configure:24921: result: yes
configure:24925: checking sys/time.h presence
configure:24935: gcc -E  conftest.c
configure:24941: $? = 0
configure:24961: result: yes
configure:24996: checking for sys/time.h
configure:25003: result: yes
configure:25021: checking for sys/select.h
configure:25026: result: yes
configure:25180: checking sys/ioctl.h usability
configure:25192: gcc -c -g -O2  conftest.c >&5
configure:25198: $? = 0
configure:25202: test -z 
			 || test ! -s conftest.err
configure:25205: $? = 0
configure:25208: test -s conftest.o
configure:25211: $? = 0
configure:25221: result: yes
configure:25225: checking sys/ioctl.h presence
configure:25235: gcc -E  conftest.c
configure:25241: $? = 0
configure:25261: result: yes
configure:25296: checking for sys/ioctl.h
configure:25303: result: yes
configure:25330: checking sys/fcntl.h usability
configure:25342: gcc -c -g -O2  conftest.c >&5
configure:25348: $? = 0
configure:25352: test -z 
			 || test ! -s conftest.err
configure:25355: $? = 0
configure:25358: test -s conftest.o
configure:25361: $? = 0
configure:25371: result: yes
configure:25375: checking sys/fcntl.h presence
configure:25385: gcc -E  conftest.c
configure:25391: $? = 0
configure:25411: result: yes
configure:25446: checking for sys/fcntl.h
configure:25453: result: yes
configure:25480: checking audiofile.h usability
configure:25492: gcc -c -g -O2  conftest.c >&5
conftest.c:104:23: error: audiofile.h: No such file or directory
configure:25498: $? = 1
configure: failed program was:
| /* confdefs.h.  */
| 
| #define PACKAGE_NAME ""
| #define PACKAGE_TARNAME ""
| #define PACKAGE_VERSION ""
| #define PACKAGE_STRING ""
| #define PACKAGE_BUGREPORT ""
| #define PACKAGE "g722_1"
| #define VERSION "0.0.1"
| #ifdef __cplusplus
| extern "C" void std::exit (int) throw (); using std::exit;
| #endif
| #define STDC_HEADERS 1
| #define HAVE_SYS_TYPES_H 1
| #define HAVE_SYS_STAT_H 1
| #define HAVE_STDLIB_H 1
| #define HAVE_STRING_H 1
| #define HAVE_MEMORY_H 1
| #define HAVE_STRINGS_H 1
| #define HAVE_INTTYPES_H 1
| #define HAVE_STDINT_H 1
| #define HAVE_UNISTD_H 1
| #define HAVE_DLFCN_H 1
| #define HAVE_LONG_LONG 1
| #define HAVE_LONG_DOUBLE 1
| #define RETSIGTYPE void
| #define HAVE_VPRINTF 1
| #define HAVE_STDLIB_H 1
| #define HAVE_MALLOC 1
| #define HAVE_STDLIB_H 1
| #define HAVE_REALLOC 1
| #define HAVE_SYS_SELECT_H 1
| #define HAVE_SYS_SOCKET_H 1
| #define SELECT_TYPE_ARG1 int
| #define SELECT_TYPE_ARG234 (fd_set *)
| #define SELECT_TYPE_ARG5 (struct timeval *)
| #define HAVE_LRINT 1
| #define HAVE_LRINTF 1
| #define HAVE_LLRINT 1
| #define HAVE_LLRINTF 1
| #define HAVE_MEMMOVE 1
| #define HAVE_MEMSET 1
| #define HAVE_SELECT 1
| #define HAVE_STRCASECMP 1
| #define HAVE_STRCHR 1
| #define HAVE_STRDUP 1
| #define HAVE_STRERROR 1
| #define HAVE_STRSTR 1
| #define HAVE_STRTOL 1
| #define HAVE_GETTIMEOFDAY 1
| #define STDC_HEADERS 1
| #define HAVE_SYS_WAIT_H 1
| #define TIME_WITH_SYS_TIME 1
| #define HAVE_INTTYPES_H 1
| #define HAVE_STDINT_H 1
| #define HAVE_UNISTD_H 1
| #define HAVE_STDLIB_H 1
| #define HAVE_STRING_H 1
| #define HAVE_STRINGS_H 1
| #define HAVE_MALLOC_H 1
| #define HAVE_TGMATH_H 1
| #define HAVE_MATH_H 1
| #define HAVE_FLOAT_H 1
| #define HAVE_FCNTL_H 1
| #define HAVE_SYS_TIME_H 1
| #define HAVE_SYS_SELECT_H 1
| #define HAVE_SYS_IOCTL_H 1
| #define HAVE_SYS_FCNTL_H 1
| /* end confdefs.h.  */
| #include <stdio.h>
| #if HAVE_SYS_TYPES_H
| # include <sys/types.h>
| #endif
| #if HAVE_SYS_STAT_H
| # include <sys/stat.h>
| #endif
| #if STDC_HEADERS
| # include <stdlib.h>
| # include <stddef.h>
| #else
| # if HAVE_STDLIB_H
| #  include <stdlib.h>
| # endif
| #endif
| #if HAVE_STRING_H
| # if !STDC_HEADERS && HAVE_MEMORY_H
| #  include <memory.h>
| # endif
| # include <string.h>
| #endif
| #if HAVE_STRINGS_H
| # include <strings.h>
| #endif
| #if HAVE_INTTYPES_H
| # include <inttypes.h>
| #else
| # if HAVE_STDINT_H
| #  include <stdint.h>
| # endif
| #endif
| #if HAVE_UNISTD_H
| # include <unistd.h>
| #endif
| #include <audiofile.h>
configure:25521: result: no
configure:25525: checking audiofile.h presence
configure:25535: gcc -E  conftest.c
conftest.c:70:23: error: audiofile.h: No such file or directory
configure:25541: $? = 1
configure: failed program was:
| /* confdefs.h.  */
| 
| #define PACKAGE_NAME ""
| #define PACKAGE_TARNAME ""
| #define PACKAGE_VERSION ""
| #define PACKAGE_STRING ""
| #define PACKAGE_BUGREPORT ""
| #define PACKAGE "g722_1"
| #define VERSION "0.0.1"
| #ifdef __cplusplus
| extern "C" void std::exit (int) throw (); using std::exit;
| #endif
| #define STDC_HEADERS 1
| #define HAVE_SYS_TYPES_H 1
| #define HAVE_SYS_STAT_H 1
| #define HAVE_STDLIB_H 1
| #define HAVE_STRING_H 1
| #define HAVE_MEMORY_H 1
| #define HAVE_STRINGS_H 1
| #define HAVE_INTTYPES_H 1
| #define HAVE_STDINT_H 1
| #define HAVE_UNISTD_H 1
| #define HAVE_DLFCN_H 1
| #define HAVE_LONG_LONG 1
| #define HAVE_LONG_DOUBLE 1
| #define RETSIGTYPE void
| #define HAVE_VPRINTF 1
| #define HAVE_STDLIB_H 1
| #define HAVE_MALLOC 1
| #define HAVE_STDLIB_H 1
| #define HAVE_REALLOC 1
| #define HAVE_SYS_SELECT_H 1
| #define HAVE_SYS_SOCKET_H 1
| #define SELECT_TYPE_ARG1 int
| #define SELECT_TYPE_ARG234 (fd_set *)
| #define SELECT_TYPE_ARG5 (struct timeval *)
| #define HAVE_LRINT 1
| #define HAVE_LRINTF 1
| #define HAVE_LLRINT 1
| #define HAVE_LLRINTF 1
| #define HAVE_MEMMOVE 1
| #define HAVE_MEMSET 1
| #define HAVE_SELECT 1
| #define HAVE_STRCASECMP 1
| #define HAVE_STRCHR 1
| #define HAVE_STRDUP 1
| #define HAVE_STRERROR 1
| #define HAVE_STRSTR 1
| #define HAVE_STRTOL 1
| #define HAVE_GETTIMEOFDAY 1
| #define STDC_HEADERS 1
| #define HAVE_SYS_WAIT_H 1
| #define TIME_WITH_SYS_TIME 1
| #define HAVE_INTTYPES_H 1
| #define HAVE_STDINT_H 1
| #define HAVE_UNISTD_H 1
| #define HAVE_STDLIB_H 1
| #define HAVE_STRING_H 1
| #define HAVE_STRINGS_H 1
| #define HAVE_MALLOC_H 1
| #define HAVE_TGMATH_H 1
| #define HAVE_MATH_H 1
| #define HAVE_FLOAT_H 1
| #define HAVE_FCNTL_H 1
| #define HAVE_SYS_TIME_H 1
| #define HAVE_SYS_SELECT_H 1
| #define HAVE_SYS_IOCTL_H 1
| #define HAVE_SYS_FCNTL_H 1
| /* end confdefs.h.  */
| #include <audiofile.h>
configure:25561: result: no
configure:25596: checking for audiofile.h
configure:25603: result: no
configure:25662: checking for cos in -lm
configure:25692: gcc -o conftest -g -O2   conftest.c -lm   >&5
conftest.c:77: warning: conflicting types for built-in function 'cos'
configure:25698: $? = 0
configure:25702: test -z 
			 || test ! -s conftest.err
configure:25705: $? = 0
configure:25708: test -s conftest
configure:25711: $? = 0
configure:25724: result: yes
configure:25736: checking for library containing sinf
configure:25766: gcc -o conftest -g -O2   conftest.c -lm  >&5
conftest.c:78: warning: conflicting types for built-in function 'sinf'
configure:25772: $? = 0
configure:25776: test -z 
			 || test ! -s conftest.err
configure:25779: $? = 0
configure:25782: test -s conftest
configure:25785: $? = 0
configure:25855: result: none required
configure:25866: checking for library containing cosf
configure:25896: gcc -o conftest -g -O2   conftest.c -lm  >&5
conftest.c:79: warning: conflicting types for built-in function 'cosf'
configure:25902: $? = 0
configure:25906: test -z 
			 || test ! -s conftest.err
configure:25909: $? = 0
configure:25912: test -s conftest
configure:25915: $? = 0
configure:25985: result: none required
configure:25996: checking for library containing tanf
configure:26026: gcc -o conftest -g -O2   conftest.c -lm  >&5
conftest.c:80: warning: conflicting types for built-in function 'tanf'
configure:26032: $? = 0
configure:26036: test -z 
			 || test ! -s conftest.err
configure:26039: $? = 0
configure:26042: test -s conftest
configure:26045: $? = 0
configure:26115: result: none required
configure:26126: checking for library containing asinf
configure:26156: gcc -o conftest -g -O2   conftest.c -lm  >&5
conftest.c:81: warning: conflicting types for built-in function 'asinf'
configure:26162: $? = 0
configure:26166: test -z 
			 || test ! -s conftest.err
configure:26169: $? = 0
configure:26172: test -s conftest
configure:26175: $? = 0
configure:26245: result: none required
configure:26256: checking for library containing acosf
configure:26286: gcc -o conftest -g -O2   conftest.c -lm  >&5
conftest.c:82: warning: conflicting types for built-in function 'acosf'
configure:26292: $? = 0
configure:26296: test -z 
			 || test ! -s conftest.err
configure:26299: $? = 0
configure:26302: test -s conftest
configure:26305: $? = 0
configure:26375: result: none required
configure:26386: checking for library containing atanf
configure:26416: gcc -o conftest -g -O2   conftest.c -lm  >&5
conftest.c:83: warning: conflicting types for built-in function 'atanf'
configure:26422: $? = 0
configure:26426: test -z 
			 || test ! -s conftest.err
configure:26429: $? = 0
configure:26432: test -s conftest
configure:26435: $? = 0
configure:26505: result: none required
configure:26516: checking for library containing atan2f
configure:26546: gcc -o conftest -g -O2   conftest.c -lm  >&5
conftest.c:84: warning: conflicting types for built-in function 'atan2f'
configure:26552: $? = 0
configure:26556: test -z 
			 || test ! -s conftest.err
configure:26559: $? = 0
configure:26562: test -s conftest
configure:26565: $? = 0
configure:26635: result: none required
configure:26646: checking for library containing ceilf
configure:26676: gcc -o conftest -g -O2   conftest.c -lm  >&5
conftest.c:85: warning: conflicting types for built-in function 'ceilf'
configure:26682: $? = 0
configure:26686: test -z 
			 || test ! -s conftest.err
configure:26689: $? = 0
configure:26692: test -s conftest
configure:26695: $? = 0
configure:26765: result: none required
configure:26776: checking for library containing floorf
configure:26806: gcc -o conftest -g -O2   conftest.c -lm  >&5
conftest.c:86: warning: conflicting types for built-in function 'floorf'
configure:26812: $? = 0
configure:26816: test -z 
			 || test ! -s conftest.err
configure:26819: $? = 0
configure:26822: test -s conftest
configure:26825: $? = 0
configure:26895: result: none required
configure:26906: checking for library containing powf
configure:26936: gcc -o conftest -g -O2   conftest.c -lm  >&5
conftest.c:87: warning: conflicting types for built-in function 'powf'
configure:26942: $? = 0
configure:26946: test -z 
			 || test ! -s conftest.err
configure:26949: $? = 0
configure:26952: test -s conftest
configure:26955: $? = 0
configure:27025: result: none required
configure:27036: checking for library containing expf
configure:27066: gcc -o conftest -g -O2   conftest.c -lm  >&5
conftest.c:88: warning: conflicting types for built-in function 'expf'
configure:27072: $? = 0
configure:27076: test -z 
			 || test ! -s conftest.err
configure:27079: $? = 0
configure:27082: test -s conftest
configure:27085: $? = 0
configure:27155: result: none required
configure:27166: checking for library containing logf
configure:27196: gcc -o conftest -g -O2   conftest.c -lm  >&5
conftest.c:89: warning: conflicting types for built-in function 'logf'
configure:27202: $? = 0
configure:27206: test -z 
			 || test ! -s conftest.err
configure:27209: $? = 0
configure:27212: test -s conftest
configure:27215: $? = 0
configure:27285: result: none required
configure:27296: checking for library containing log10f
configure:27326: gcc -o conftest -g -O2   conftest.c -lm  >&5
conftest.c:90: warning: conflicting types for built-in function 'log10f'
configure:27332: $? = 0
configure:27336: test -z 
			 || test ! -s conftest.err
configure:27339: $? = 0
configure:27342: test -s conftest
configure:27345: $? = 0
configure:27415: result: none required
configure:27696: checking if i686-redhat-linux-gnu is fixed point only
configure:27719: result: no
configure:27735: checking if i686-redhat-linux-gnu fails on misaligned memory access
configure:27756: result: no
configure:28051: creating ./config.status

## ---------------------- ##
## Running config.status. ##
## ---------------------- ##

This file was extended by config.status, which was
generated by GNU Autoconf 2.59.  Invocation command line was

  CONFIG_FILES    = 
  CONFIG_HEADERS  = 
  CONFIG_LINKS    = 
  CONFIG_COMMANDS = 
  $ ./config.status 

on integ32.ives.fr

config.status:760: creating Makefile
config.status:760: creating doc/Makefile
config.status:760: creating test-data/Makefile
config.status:760: creating test-data/local/Makefile
config.status:760: creating test-data/itu/Makefile
config.status:760: creating src/Makefile
config.status:760: creating src/g722_1.h
config.status:760: creating tests/Makefile
config.status:760: creating g722_1.pc
config.status:760: creating g722_1.spec
config.status:760: creating tests/regression_tests.sh
config.status:868: creating src/config.h
config.status:1310: executing depfiles commands

## ---------------- ##
## Cache variables. ##
## ---------------- ##

ac_cv_build=i686-redhat-linux-gnu
ac_cv_build_alias=i686-redhat-linux-gnu
ac_cv_c99_flexible_array=yes
ac_cv_c99_llrint=yes
ac_cv_c99_llrintf=yes
ac_cv_c99_lrint=yes
ac_cv_c99_lrintf=yes
ac_cv_c_compiler_gnu=yes
ac_cv_c_const=yes
ac_cv_c_inline=inline
ac_cv_c_volatile=yes
ac_cv_cxx_compiler_gnu=yes
ac_cv_env_CC_set=
ac_cv_env_CC_value=
ac_cv_env_CFLAGS_set=
ac_cv_env_CFLAGS_value=
ac_cv_env_CPPFLAGS_set=
ac_cv_env_CPPFLAGS_value=
ac_cv_env_CPP_set=
ac_cv_env_CPP_value=
ac_cv_env_CXXCPP_set=
ac_cv_env_CXXCPP_value=
ac_cv_env_CXXFLAGS_set=
ac_cv_env_CXXFLAGS_value=
ac_cv_env_CXX_set=
ac_cv_env_CXX_value=
ac_cv_env_F77_set=
ac_cv_env_F77_value=
ac_cv_env_FFLAGS_set=
ac_cv_env_FFLAGS_value=
ac_cv_env_LDFLAGS_set=
ac_cv_env_LDFLAGS_value=
ac_cv_env_build_alias_set=
ac_cv_env_build_alias_value=
ac_cv_env_host_alias_set=
ac_cv_env_host_alias_value=
ac_cv_env_target_alias_set=
ac_cv_env_target_alias_value=
ac_cv_exeext=
ac_cv_f77_compiler_gnu=no
ac_cv_fixed_point_machine_i686_redhat_linux_gnu=no
ac_cv_func__doprnt=no
ac_cv_func_gettimeofday=yes
ac_cv_func_malloc_0_nonnull=yes
ac_cv_func_memcmp_working=yes
ac_cv_func_memmove=yes
ac_cv_func_memset=yes
ac_cv_func_realloc_0_nonnull=yes
ac_cv_func_select=yes
ac_cv_func_select_args='int,fd_set *,struct timeval *'
ac_cv_func_strcasecmp=yes
ac_cv_func_strchr=yes
ac_cv_func_strdup=yes
ac_cv_func_strerror=yes
ac_cv_func_strstr=yes
ac_cv_func_strtol=yes
ac_cv_func_vprintf=yes
ac_cv_header_audiofile_h=no
ac_cv_header_dlfcn_h=yes
ac_cv_header_fcntl_h=yes
ac_cv_header_float_h=yes
ac_cv_header_inttypes_h=yes
ac_cv_header_malloc_h=yes
ac_cv_header_math_h=yes
ac_cv_header_memory_h=yes
ac_cv_header_socket_h=no
ac_cv_header_stdc=yes
ac_cv_header_stdint_h=yes
ac_cv_header_stdlib_h=yes
ac_cv_header_string_h=yes
ac_cv_header_strings_h=yes
ac_cv_header_sys_fcntl_h=yes
ac_cv_header_sys_ioctl_h=yes
ac_cv_header_sys_select_h=yes
ac_cv_header_sys_socket_h=yes
ac_cv_header_sys_stat_h=yes
ac_cv_header_sys_time_h=yes
ac_cv_header_sys_types_h=yes
ac_cv_header_sys_wait_h=yes
ac_cv_header_tgmath_h=yes
ac_cv_header_time=yes
ac_cv_header_unistd_h=yes
ac_cv_host=i686-redhat-linux-gnu
ac_cv_host_alias=i686-redhat-linux-gnu
ac_cv_lib_error_at_line=yes
ac_cv_lib_m_cos=yes
ac_cv_misaligned_access_fails_i686_redhat_linux_gnu=no
ac_cv_objext=o
ac_cv_path_install='/usr/bin/install -c'
ac_cv_prog_AWK=gawk
ac_cv_prog_CPP='gcc -E'
ac_cv_prog_CXXCPP='g++ -E'
ac_cv_prog_ac_ct_AR=ar
ac_cv_prog_ac_ct_CC=gcc
ac_cv_prog_ac_ct_CXX=g++
ac_cv_prog_ac_ct_RANLIB=ranlib
ac_cv_prog_ac_ct_STRIP=strip
ac_cv_prog_cc_g=yes
ac_cv_prog_cc_stdc=
ac_cv_prog_cxx_g=yes
ac_cv_prog_egrep='grep -E'
ac_cv_prog_f77_g=no
ac_cv_prog_gcc_traditional=no
ac_cv_prog_make_make_set=yes
ac_cv_search_acosf='none required'
ac_cv_search_asinf='none required'
ac_cv_search_atan2f='none required'
ac_cv_search_atanf='none required'
ac_cv_search_ceilf='none required'
ac_cv_search_cosf='none required'
ac_cv_search_expf='none required'
ac_cv_search_floorf='none required'
ac_cv_search_log10f='none required'
ac_cv_search_logf='none required'
ac_cv_search_powf='none required'
ac_cv_search_sinf='none required'
ac_cv_search_tanf='none required'
ac_cv_type_long_double=yes
ac_cv_type_long_long=yes
ac_cv_type_signal=void
am_cv_CC_dependencies_compiler_type=gcc3
am_cv_CXX_dependencies_compiler_type=gcc3
ax_cv_c_compiler_vendor=gnu
lt_cv_deplibs_check_method=pass_all
lt_cv_file_magic_cmd='$MAGIC_CMD'
lt_cv_file_magic_test_file=
lt_cv_ld_reload_flag=-r
lt_cv_objdir=.libs
lt_cv_path_LD=/usr/bin/ld
lt_cv_path_LDCXX=/usr/bin/ld
lt_cv_path_NM='/usr/bin/nm -B'
lt_cv_path_SED=/bin/sed
lt_cv_prog_compiler_c_o=yes
lt_cv_prog_compiler_c_o_CXX=yes
lt_cv_prog_compiler_rtti_exceptions=no
lt_cv_prog_gnu_ld=yes
lt_cv_prog_gnu_ldcxx=yes
lt_cv_sys_global_symbol_pipe='sed -n -e '\''s/^.*[ 	]\([ABCDGIRSTW][ABCDGIRSTW]*\)[ 	][ 	]*\([_A-Za-z][_A-Za-z0-9]*\)$/\1 \2 \2/p'\'''
lt_cv_sys_global_symbol_to_c_name_address='sed -n -e '\''s/^: \([^ ]*\) $/  {\"\1\", (lt_ptr) 0},/p'\'' -e '\''s/^[BCDEGRST] \([^ ]*\) \([^ ]*\)$/  {"\2", (lt_ptr) \&\2},/p'\'''
lt_cv_sys_global_symbol_to_cdecl='sed -n -e '\''s/^. .* \(.*\)$/extern int \1;/p'\'''
lt_cv_sys_max_cmd_len=32768
lt_lt_cv_prog_compiler_c_o='"yes"'
lt_lt_cv_prog_compiler_c_o_CXX='"yes"'
lt_lt_cv_sys_global_symbol_pipe='"sed -n -e '\''s/^.*[ 	]\\([ABCDGIRSTW][ABCDGIRSTW]*\\)[ 	][ 	]*\\([_A-Za-z][_A-Za-z0-9]*\\)\$/\\1 \\2 \\2/p'\''"'
lt_lt_cv_sys_global_symbol_to_c_name_address='"sed -n -e '\''s/^: \\([^ ]*\\) \$/  {\\\"\\1\\\", (lt_ptr) 0},/p'\'' -e '\''s/^[BCDEGRST] \\([^ ]*\\) \\([^ ]*\\)\$/  {\"\\2\", (lt_ptr) \\&\\2},/p'\''"'
lt_lt_cv_sys_global_symbol_to_cdecl='"sed -n -e '\''s/^. .* \\(.*\\)\$/extern int \\1;/p'\''"'

## ----------------- ##
## Output variables. ##
## ----------------- ##

ACLOCAL='${SHELL} /home/ebuu/libg722_1/config/missing --run aclocal-1.9'
AMDEPBACKSLASH='\'
AMDEP_FALSE='#'
AMDEP_TRUE=''
AMTAR='${SHELL} /home/ebuu/libg722_1/config/missing --run tar'
AR='ar'
AUTOCONF='${SHELL} /home/ebuu/libg722_1/config/missing --run autoconf'
AUTOHEADER='${SHELL} /home/ebuu/libg722_1/config/missing --run autoheader'
AUTOMAKE='${SHELL} /home/ebuu/libg722_1/config/missing --run automake-1.9'
AWK='gawk'
CC='gcc'
CCDEPMODE='depmode=gcc3'
CC_FOR_BUILD='$(CC)'
CFLAGS='-g -O2'
COMP_VENDOR_CFLAGS='-DNDEBUG -std=gnu99 -ffast-math -Wall -Wunused-variable -Wwrite-strings -Wstrict-prototypes -Wmissing-prototypes'
COMP_VENDOR_LDFLAGS=''
COND_DOC_FALSE=''
COND_DOC_TRUE='#'
COND_MMX_FALSE=''
COND_MMX_TRUE='#'
COND_SSE2_FALSE=''
COND_SSE2_TRUE='#'
COND_SSE3_FALSE=''
COND_SSE3_TRUE='#'
COND_SSE4A_FALSE=''
COND_SSE4A_TRUE='#'
COND_SSE4_1_FALSE=''
COND_SSE4_1_TRUE='#'
COND_SSE4_2_FALSE=''
COND_SSE4_2_TRUE='#'
COND_SSE5_FALSE=''
COND_SSE5_TRUE='#'
COND_SSE_FALSE=''
COND_SSE_TRUE='#'
COND_TESTDATA_FALSE=''
COND_TESTDATA_TRUE='#'
COND_TESTS_FALSE=''
COND_TESTS_TRUE='#'
CPP='gcc -E'
CPPFLAGS=''
CXX='g++'
CXXCPP='g++ -E'
CXXDEPMODE='depmode=gcc3'
CXXFLAGS='-g -O2'
CYGPATH_W='echo'
DEFS='-DHAVE_CONFIG_H'
DEPDIR='.deps'
ECHO='echo'
ECHO_C=''
ECHO_N='-n'
ECHO_T=''
EGREP='grep -E'
EXEEXT=''
F77=''
FFLAGS=''
G722_1_LT_AGE='0'
G722_1_LT_CURRENT='0'
G722_1_LT_REVISION='2'
G722_1_USE_FIXED_POINT='#undef G722_1_USE_FIXED_POINT'
G722_1_VECTORS_FOR_TESTS='floating'
INSERT_INTTYPES_HEADER='#include <inttypes.h>'
INSERT_MATH_HEADER='#include <math.h>'
INSERT_STDINT_HEADER='#include <stdint.h>'
INSERT_TGMATH_HEADER='#include <tgmath.h>'
INSTALL_DATA='${INSTALL} -m 644'
INSTALL_PROGRAM='${INSTALL}'
INSTALL_SCRIPT='${INSTALL}'
INSTALL_STRIP_PROGRAM='${SHELL} $(install_sh) -c -s'
LDFLAGS=''
LIBOBJS=''
LIBS='-lm '
LIBTOOL='$(SHELL) $(top_builddir)/libtool'
LN_S='ln -s'
LTLIBOBJS=''
MAKEINFO='${SHELL} /home/ebuu/libg722_1/config/missing --run makeinfo'
OBJEXT='o'
PACKAGE='g722_1'
PACKAGE_BUGREPORT=''
PACKAGE_NAME=''
PACKAGE_STRING=''
PACKAGE_TARNAME=''
PACKAGE_VERSION=''
PATH_SEPARATOR=':'
RANLIB='ranlib'
SED='/bin/sed'
SET_MAKE=''
SHELL='/bin/sh'
STRIP='strip'
TESTLIBS=''
VERSION='0.0.1'
ac_ct_AR='ar'
ac_ct_CC='gcc'
ac_ct_CXX='g++'
ac_ct_F77=''
ac_ct_RANLIB='ranlib'
ac_ct_STRIP='strip'
am__fastdepCC_FALSE='#'
am__fastdepCC_TRUE=''
am__fastdepCXX_FALSE='#'
am__fastdepCXX_TRUE=''
am__include='include'
am__leading_dot='.'
am__quote=''
am__tar='${AMTAR} chof - "$$tardir"'
am__untar='${AMTAR} xf -'
bindir='${exec_prefix}/bin'
build='i686-redhat-linux-gnu'
build_alias=''
build_cpu='i686'
build_os='linux-gnu'
build_vendor='redhat'
datadir='${prefix}/share'
exec_prefix='${prefix}'
host='i686-redhat-linux-gnu'
host_alias=''
host_cpu='i686'
host_os='linux-gnu'
host_vendor='redhat'
includedir='${prefix}/include'
infodir='${prefix}/info'
install_sh='/home/ebuu/libg722_1/config/install-sh'
libdir='${exec_prefix}/lib'
libexecdir='${exec_prefix}/libexec'
localstatedir='${prefix}/var'
mandir='${prefix}/man'
mkdir_p='mkdir -p --'
oldincludedir='/usr/include'
prefix='/home/ebuu/mediaserver-trunk/staticdeps/'
program_transform_name='s,x,x,'
sbindir='${exec_prefix}/sbin'
sharedstatedir='${prefix}/com'
sysconfdir='${prefix}/etc'
target_alias=''

## ----------- ##
## confdefs.h. ##
## ----------- ##

#define HAVE_ACOSF 1
#define HAVE_ASINF 1
#define HAVE_ATAN2F 1
#define HAVE_ATANF 1
#define HAVE_CEILF 1
#define HAVE_COSF 1
#define HAVE_DLFCN_H 1
#define HAVE_EXPF 1
#define HAVE_FCNTL_H 1
#define HAVE_FLOAT_H 1
#define HAVE_FLOORF 1
#define HAVE_GETTIMEOFDAY 1
#define HAVE_INTTYPES_H 1
#define HAVE_INTTYPES_H 1
#define HAVE_LIBM 1
#define HAVE_LLRINT 1
#define HAVE_LLRINTF 1
#define HAVE_LOG10F 1
#define HAVE_LOGF 1
#define HAVE_LONG_DOUBLE 1
#define HAVE_LONG_LONG 1
#define HAVE_LRINT 1
#define HAVE_LRINTF 1
#define HAVE_MALLOC 1
#define HAVE_MALLOC_H 1
#define HAVE_MATH_H 1
#define HAVE_MEMMOVE 1
#define HAVE_MEMORY_H 1
#define HAVE_MEMSET 1
#define HAVE_POWF 1
#define HAVE_REALLOC 1
#define HAVE_SELECT 1
#define HAVE_SINF 1
#define HAVE_STDINT_H 1
#define HAVE_STDINT_H 1
#define HAVE_STDLIB_H 1
#define HAVE_STDLIB_H 1
#define HAVE_STDLIB_H 1
#define HAVE_STDLIB_H 1
#define HAVE_STRCASECMP 1
#define HAVE_STRCHR 1
#define HAVE_STRDUP 1
#define HAVE_STRERROR 1
#define HAVE_STRINGS_H 1
#define HAVE_STRINGS_H 1
#define HAVE_STRING_H 1
#define HAVE_STRING_H 1
#define HAVE_STRSTR 1
#define HAVE_STRTOL 1
#define HAVE_SYS_FCNTL_H 1
#define HAVE_SYS_IOCTL_H 1
#define HAVE_SYS_SELECT_H 1
#define HAVE_SYS_SELECT_H 1
#define HAVE_SYS_SOCKET_H 1
#define HAVE_SYS_STAT_H 1
#define HAVE_SYS_TIME_H 1
#define HAVE_SYS_TYPES_H 1
#define HAVE_SYS_WAIT_H 1
#define HAVE_TANF 1
#define HAVE_TGMATH_H 1
#define HAVE_UNISTD_H 1
#define HAVE_UNISTD_H 1
#define HAVE_VPRINTF 1
#define PACKAGE "g722_1"
#define PACKAGE_BUGREPORT ""
#define PACKAGE_NAME ""
#define PACKAGE_STRING ""
#define PACKAGE_TARNAME ""
#define PACKAGE_VERSION ""
#define RETSIGTYPE void
#define SELECT_TYPE_ARG1 int
#define SELECT_TYPE_ARG234 (fd_set *)
#define SELECT_TYPE_ARG5 (struct timeval *)
#define STDC_HEADERS 1
#define STDC_HEADERS 1
#define TIME_WITH_SYS_TIME 1
#define VERSION "0.0.1"
#endif
#ifdef __cplusplus
extern "C" void std::exit (int) throw (); using std::exit;

configure: exit 0
